#
# A fatal error has been detected by the Java Runtime Environment:
#
#  SIGBUS (0x7) at pc=0x00007f5c62e4adb0, pid=19458, tid=19461
#
# JRE version: Java(TM) SE Runtime Environment (12.0.1+12) (build 12.0.1+12)
# Java VM: Java HotSpot(TM) 64-Bit Server VM (12.0.1+12, mixed mode, sharing, tiered, compressed oops, g1 gc, linux-amd64)
# Problematic frame:
# V  [libjvm.so+0xa63db0]
#
# Core dump will be written. Default location: Core dumps may be processed with "/usr/share/apport/apport %p %s %c %d %P" (or dumping to /home/christoffer/Dropbox/Dev/Git/PoliceSystem/core.19458)
#
# If you would like to submit a bug report, please visit:
#   http://bugreport.java.com/bugreport/crash.jsp
#

---------------  S U M M A R Y ------------

Command Line: -ea -Djava.library.path=/usr/lib/jvm/javafx-sdk-12.0.1/lib -Didea.test.cyclic.buffer.size=1048576 -javaagent:/home/christoffer/Downloads/idea-IU-191.6183.87/lib/idea_rt.jar=34921:/home/christoffer/Downloads/idea-IU-191.6183.87/bin -Dfile.encoding=UTF-8 com.intellij.rt.execution.junit.JUnitStarter -ideVersion5 -junit4 pust.model.administrative_functions.ReportReceiptTest,generatePdf

Host: Intel(R) Core(TM) i5-6200U CPU @ 2.30GHz, 4 cores, 7G, Ubuntu 18.04.2 LTS
Time: Wed May 15 01:14:49 2019 CEST elapsed time: 0 seconds (0d 0h 0m 0s)

---------------  T H R E A D  ---------------

Current thread (0x00007f5c5c014000):  JavaThread "main" [_thread_in_vm, id=19461, stack(0x00007f5c64615000,0x00007f5c64716000)]

Stack: [0x00007f5c64615000,0x00007f5c64716000],  sp=0x00007f5c64712f38,  free space=1015k
Native frames: (J=compiled Java code, A=aot compiled Java code, j=interpreted, Vv=VM code, C=native code)
V  [libjvm.so+0xa63db0]
j  jdk.internal.misc.Unsafe.copyMemory0(Ljava/lang/Object;JLjava/lang/Object;JJ)V+0 java.base@12.0.1
j  jdk.internal.misc.Unsafe.copyMemory(Ljava/lang/Object;JLjava/lang/Object;JJ)V+29 java.base@12.0.1
j  java.nio.DirectByteBuffer.get([BII)Ljava/nio/ByteBuffer;+110 java.base@12.0.1
j  com.itextpdf.io.source.ByteBufferRandomAccessSource.get(J[BII)I+66
j  com.itextpdf.io.source.MappedChannelRandomAccessSource.get(J[BII)I+27
j  com.itextpdf.io.source.FileChannelRandomAccessSource.get(J[BII)I+10
J 503 c1 com.itextpdf.io.source.GetBufferedRandomAccessSource.get(J)I (80 bytes) @ 0x00007f5c451d3cac [0x00007f5c451d3ae0+0x00000000000001cc]
J 502 c1 com.itextpdf.io.source.RandomAccessFileOrArray.read()I (42 bytes) @ 0x00007f5c451d3704 [0x00007f5c451d3560+0x00000000000001a4]
J 501 c1 com.itextpdf.io.source.PdfTokenizer.read()I (8 bytes) @ 0x00007f5c451d318c [0x00007f5c451d30e0+0x00000000000000ac]
j  com.itextpdf.io.source.PdfTokenizer.readString(I)Ljava/lang/String;+16
j  com.itextpdf.io.source.PdfTokenizer.getStartxref()J+46
j  com.itextpdf.kernel.pdf.PdfReader.readXref()V+8
j  com.itextpdf.kernel.pdf.PdfReader.readPdf()V+32
j  com.itextpdf.kernel.pdf.PdfDocument.open(Lcom/itextpdf/kernel/pdf/PdfVersion;)V+19
j  com.itextpdf.kernel.pdf.PdfDocument.<init>(Lcom/itextpdf/kernel/pdf/PdfReader;Lcom/itextpdf/kernel/pdf/PdfWriter;Lcom/itextpdf/kernel/pdf/StampingProperties;)V+274
j  com.itextpdf.kernel.pdf.PdfDocument.<init>(Lcom/itextpdf/kernel/pdf/PdfReader;Lcom/itextpdf/kernel/pdf/PdfWriter;)V+10
j  pust.model.administrative_functions.ReportReceiptTest.createPdf(Ljava/lang/String;)V+22
j  pust.model.administrative_functions.ReportReceiptTest.generatePdf()V+3
v  ~StubRoutines::call_stub
V  [libjvm.so+0x86fc39]  JavaCalls::call_helper(JavaValue*, methodHandle const&, JavaCallArguments*, Thread*)+0x3c9
V  [libjvm.so+0xca190d]  invoke(InstanceKlass*, methodHandle const&, Handle, bool, objArrayHandle, BasicType, objArrayHandle, bool, Thread*) [clone .constprop.76]+0x43d
V  [libjvm.so+0xca3ce2]  Reflection::invoke_method(oopDesc*, Handle, objArrayHandle, Thread*)+0x102
V  [libjvm.so+0x924968]  JVM_InvokeMethod+0xf8
j  jdk.internal.reflect.NativeMethodAccessorImpl.invoke0(Ljava/lang/reflect/Method;Ljava/lang/Object;[Ljava/lang/Object;)Ljava/lang/Object;+0 java.base@12.0.1
j  jdk.internal.reflect.NativeMethodAccessorImpl.invoke(Ljava/lang/Object;[Ljava/lang/Object;)Ljava/lang/Object;+100 java.base@12.0.1
j  jdk.internal.reflect.DelegatingMethodAccessorImpl.invoke(Ljava/lang/Object;[Ljava/lang/Object;)Ljava/lang/Object;+6 java.base@12.0.1
j  java.lang.reflect.Method.invoke(Ljava/lang/Object;[Ljava/lang/Object;)Ljava/lang/Object;+59 java.base@12.0.1
j  org.junit.runners.model.FrameworkMethod$1.runReflectiveCall()Ljava/lang/Object;+15
j  org.junit.internal.runners.model.ReflectiveCallable.run()Ljava/lang/Object;+1
j  org.junit.runners.model.FrameworkMethod.invokeExplosively(Ljava/lang/Object;[Ljava/lang/Object;)Ljava/lang/Object;+10
j  org.junit.internal.runners.statements.InvokeMethod.evaluate()V+12
j  org.junit.runners.ParentRunner.runLeaf(Lorg/junit/runners/model/Statement;Lorg/junit/runner/Description;Lorg/junit/runner/notification/RunNotifier;)V+17
j  org.junit.runners.BlockJUnit4ClassRunner.runChild(Lorg/junit/runners/model/FrameworkMethod;Lorg/junit/runner/notification/RunNotifier;)V+30
j  org.junit.runners.BlockJUnit4ClassRunner.runChild(Ljava/lang/Object;Lorg/junit/runner/notification/RunNotifier;)V+6
j  org.junit.runners.ParentRunner$3.run()V+12
j  org.junit.runners.ParentRunner$1.schedule(Ljava/lang/Runnable;)V+1
j  org.junit.runners.ParentRunner.runChildren(Lorg/junit/runner/notification/RunNotifier;)V+44
j  org.junit.runners.ParentRunner.access$000(Lorg/junit/runners/ParentRunner;Lorg/junit/runner/notification/RunNotifier;)V+2
j  org.junit.runners.ParentRunner$2.evaluate()V+8
j  org.junit.runners.ParentRunner.run(Lorg/junit/runner/notification/RunNotifier;)V+20
j  org.junit.runner.JUnitCore.run(Lorg/junit/runner/Runner;)Lorg/junit/runner/Result;+37
j  com.intellij.junit4.JUnit4IdeaTestRunner.startRunnerWithArgs([Ljava/lang/String;Ljava/lang/String;IZ)I+146
j  com.intellij.rt.execution.junit.IdeaTestRunner$Repeater.startRunnerWithArgs(Lcom/intellij/rt/execution/junit/IdeaTestRunner;[Ljava/lang/String;Ljava/util/ArrayList;Ljava/lang/String;IZ)I+22
j  com.intellij.rt.execution.junit.JUnitStarter.prepareStreamsAndStart([Ljava/lang/String;Ljava/lang/String;Ljava/util/ArrayList;Ljava/lang/String;)I+116
j  com.intellij.rt.execution.junit.JUnitStarter.main([Ljava/lang/String;)V+116
v  ~StubRoutines::call_stub
V  [libjvm.so+0x86fc39]  JavaCalls::call_helper(JavaValue*, methodHandle const&, JavaCallArguments*, Thread*)+0x3c9
V  [libjvm.so+0x8f5b22]  jni_invoke_static(JNIEnv_*, JavaValue*, _jobject*, JNICallType, _jmethodID*, JNI_ArgumentPusher*, Thread*) [clone .isra.70] [clone .constprop.215]+0x302
V  [libjvm.so+0x8f84cd]  jni_CallStaticVoidMethod+0x15d
C  [libjli.so+0x581d]  JavaMain+0xe4d

Java frames: (J=compiled Java code, j=interpreted, Vv=VM code)
j  jdk.internal.misc.Unsafe.copyMemory0(Ljava/lang/Object;JLjava/lang/Object;JJ)V+0 java.base@12.0.1
j  jdk.internal.misc.Unsafe.copyMemory(Ljava/lang/Object;JLjava/lang/Object;JJ)V+29 java.base@12.0.1
j  java.nio.DirectByteBuffer.get([BII)Ljava/nio/ByteBuffer;+110 java.base@12.0.1
j  com.itextpdf.io.source.ByteBufferRandomAccessSource.get(J[BII)I+66
j  com.itextpdf.io.source.MappedChannelRandomAccessSource.get(J[BII)I+27
j  com.itextpdf.io.source.FileChannelRandomAccessSource.get(J[BII)I+10
J 503 c1 com.itextpdf.io.source.GetBufferedRandomAccessSource.get(J)I (80 bytes) @ 0x00007f5c451d3cac [0x00007f5c451d3ae0+0x00000000000001cc]
J 502 c1 com.itextpdf.io.source.RandomAccessFileOrArray.read()I (42 bytes) @ 0x00007f5c451d3704 [0x00007f5c451d3560+0x00000000000001a4]
J 501 c1 com.itextpdf.io.source.PdfTokenizer.read()I (8 bytes) @ 0x00007f5c451d318c [0x00007f5c451d30e0+0x00000000000000ac]
j  com.itextpdf.io.source.PdfTokenizer.readString(I)Ljava/lang/String;+16
j  com.itextpdf.io.source.PdfTokenizer.getStartxref()J+46
j  com.itextpdf.kernel.pdf.PdfReader.readXref()V+8
j  com.itextpdf.kernel.pdf.PdfReader.readPdf()V+32
j  com.itextpdf.kernel.pdf.PdfDocument.open(Lcom/itextpdf/kernel/pdf/PdfVersion;)V+19
j  com.itextpdf.kernel.pdf.PdfDocument.<init>(Lcom/itextpdf/kernel/pdf/PdfReader;Lcom/itextpdf/kernel/pdf/PdfWriter;Lcom/itextpdf/kernel/pdf/StampingProperties;)V+274
j  com.itextpdf.kernel.pdf.PdfDocument.<init>(Lcom/itextpdf/kernel/pdf/PdfReader;Lcom/itextpdf/kernel/pdf/PdfWriter;)V+10
j  pust.model.administrative_functions.ReportReceiptTest.createPdf(Ljava/lang/String;)V+22
j  pust.model.administrative_functions.ReportReceiptTest.generatePdf()V+3
v  ~StubRoutines::call_stub
j  jdk.internal.reflect.NativeMethodAccessorImpl.invoke0(Ljava/lang/reflect/Method;Ljava/lang/Object;[Ljava/lang/Object;)Ljava/lang/Object;+0 java.base@12.0.1
j  jdk.internal.reflect.NativeMethodAccessorImpl.invoke(Ljava/lang/Object;[Ljava/lang/Object;)Ljava/lang/Object;+100 java.base@12.0.1
j  jdk.internal.reflect.DelegatingMethodAccessorImpl.invoke(Ljava/lang/Object;[Ljava/lang/Object;)Ljava/lang/Object;+6 java.base@12.0.1
j  java.lang.reflect.Method.invoke(Ljava/lang/Object;[Ljava/lang/Object;)Ljava/lang/Object;+59 java.base@12.0.1
j  org.junit.runners.model.FrameworkMethod$1.runReflectiveCall()Ljava/lang/Object;+15
j  org.junit.internal.runners.model.ReflectiveCallable.run()Ljava/lang/Object;+1
j  org.junit.runners.model.FrameworkMethod.invokeExplosively(Ljava/lang/Object;[Ljava/lang/Object;)Ljava/lang/Object;+10
j  org.junit.internal.runners.statements.InvokeMethod.evaluate()V+12
j  org.junit.runners.ParentRunner.runLeaf(Lorg/junit/runners/model/Statement;Lorg/junit/runner/Description;Lorg/junit/runner/notification/RunNotifier;)V+17
j  org.junit.runners.BlockJUnit4ClassRunner.runChild(Lorg/junit/runners/model/FrameworkMethod;Lorg/junit/runner/notification/RunNotifier;)V+30
j  org.junit.runners.BlockJUnit4ClassRunner.runChild(Ljava/lang/Object;Lorg/junit/runner/notification/RunNotifier;)V+6
j  org.junit.runners.ParentRunner$3.run()V+12
j  org.junit.runners.ParentRunner$1.schedule(Ljava/lang/Runnable;)V+1
j  org.junit.runners.ParentRunner.runChildren(Lorg/junit/runner/notification/RunNotifier;)V+44
j  org.junit.runners.ParentRunner.access$000(Lorg/junit/runners/ParentRunner;Lorg/junit/runner/notification/RunNotifier;)V+2
j  org.junit.runners.ParentRunner$2.evaluate()V+8
j  org.junit.runners.ParentRunner.run(Lorg/junit/runner/notification/RunNotifier;)V+20
j  org.junit.runner.JUnitCore.run(Lorg/junit/runner/Runner;)Lorg/junit/runner/Result;+37
j  com.intellij.junit4.JUnit4IdeaTestRunner.startRunnerWithArgs([Ljava/lang/String;Ljava/lang/String;IZ)I+146
j  com.intellij.rt.execution.junit.IdeaTestRunner$Repeater.startRunnerWithArgs(Lcom/intellij/rt/execution/junit/IdeaTestRunner;[Ljava/lang/String;Ljava/util/ArrayList;Ljava/lang/String;IZ)I+22
j  com.intellij.rt.execution.junit.JUnitStarter.prepareStreamsAndStart([Ljava/lang/String;Ljava/lang/String;Ljava/util/ArrayList;Ljava/lang/String;)I+116
j  com.intellij.rt.execution.junit.JUnitStarter.main([Ljava/lang/String;)V+116
v  ~StubRoutines::call_stub

siginfo: si_signo: 7 (SIGBUS), si_code: 2 (BUS_ADRERR), si_addr: 0x00007f5c6005ffe6

Register to memory mapping:

RAX=0x00007f5c600603de is an unknown value
RBX=0x00007f5c5c014000 is a thread
RCX=0x000000008c3880d0 points into unknown readable memory: 7c fb 49 b1 b0 3d 06 b2
RDX=0xffffffffffffff84 is an unknown value
RSP=0x00007f5c64712f38 is pointing into the stack for thread: 0x00007f5c5c014000
RBP=0x00007f5c64712f70 is pointing into the stack for thread: 0x00007f5c5c014000
RSI=0x000000008c387cd8 points into unknown readable memory: 25 50 44 46 2d 31 2e 37
RDI=0x00007f5c6005ffe6 is an unknown value
R8 =0x0000000000000200 is an unknown value
R9 =0x0000000000000010 is an unknown value
R10=0x00007f5c44b87941 is at code_begin+897 in an Interpreter codelet
method entry point (kind = native)  [0x00007f5c44b875c0, 0x00007f5c44b88000]  2624 bytes
R11=0x0000000000000102 is an unknown value
R12=0x0 is NULL
R13=0x00007f5c64713058 is pointing into the stack for thread: 0x00007f5c5c014000
R14=0x00007f5c6005ffe6 is an unknown value
R15=0x0000000000000010 is an unknown value


Registers:
RAX=0x00007f5c600603de, RBX=0x00007f5c5c014000, RCX=0x000000008c3880d0, RDX=0xffffffffffffff84
RSP=0x00007f5c64712f38, RBP=0x00007f5c64712f70, RSI=0x000000008c387cd8, RDI=0x00007f5c6005ffe6
R8 =0x0000000000000200, R9 =0x0000000000000010, R10=0x00007f5c44b87941, R11=0x0000000000000102
R12=0x0000000000000000, R13=0x00007f5c64713058, R14=0x00007f5c6005ffe6, R15=0x0000000000000010
RIP=0x00007f5c62e4adb0, EFLAGS=0x0000000000010286, CSGSFS=0x002b000000000033, ERR=0x0000000000000004
  TRAPNO=0x000000000000000e

Top of Stack: (sp=0x00007f5c64712f38)
0x00007f5c64712f38:   00007f5c631e9c3a 00007f5c64712fb0
0x00007f5c64712f48:   00000008003968a8 0000000000000000
0x00007f5c64712f58:   0000000800a1a038 00007f5c64713078
0x00007f5c64712f68:   00007f5c5c014000 00007f5c64713018 

Instructions: (pc=0x00007f5c62e4adb0)
0x00007f5c62e4ad90:   08 89 71 08 48 83 c1 04 49 f7 c0 01 00 00 00 74
0x00007f5c62e4ada0:   0a 66 42 8b 74 47 fe 66 89 71 08 c3 0f 1f 40 00
0x00007f5c62e4adb0:   48 8b 74 d0 e8 48 89 74 d1 e8 48 8b 74 d0 f0 48
0x00007f5c62e4adc0:   89 74 d1 f0 48 8b 74 d0 f8 48 89 74 d1 f8 48 8b 

Stack slot to memory mapping:
stack at sp + 0 slots: 0x00007f5c631e9c3a: <offset 0x0000000000e02c3a> in /usr/lib/jvm/java-12-oracle/lib/server/libjvm.so at 0x00007f5c623e7000
stack at sp + 1 slots: 0x00007f5c64712fb0 is pointing into the stack for thread: 0x00007f5c5c014000
stack at sp + 2 slots: {method} {0x00000008003968a8} 'copyMemory0' '(Ljava/lang/Object;JLjava/lang/Object;JJ)V' in 'jdk/internal/misc/Unsafe'
stack at sp + 3 slots: 0x0 is NULL
stack at sp + 4 slots: 0x0000000800a1a038 is pointing into metadata
stack at sp + 5 slots: 0x00007f5c64713078 is pointing into the stack for thread: 0x00007f5c5c014000
stack at sp + 6 slots: 0x00007f5c5c014000 is a thread
stack at sp + 7 slots: 0x00007f5c64713018 is pointing into the stack for thread: 0x00007f5c5c014000


---------------  P R O C E S S  ---------------

Threads class SMR info:
_java_thread_list=0x00007f5c5c1edfb0, length=10, elements={
0x00007f5c5c014000, 0x00007f5c5c15e800, 0x00007f5c5c160800, 0x00007f5c5c167000,
0x00007f5c5c169000, 0x00007f5c5c16b000, 0x00007f5c5c16d000, 0x00007f5c5c17b800,
0x00007f5c5c1ec000, 0x00007f5c5c1ed000
}

Java Threads: ( => current thread )
=>0x00007f5c5c014000 JavaThread "main" [_thread_in_vm, id=19461, stack(0x00007f5c64615000,0x00007f5c64716000)]
  0x00007f5c5c15e800 JavaThread "Reference Handler" daemon [_thread_blocked, id=19473, stack(0x00007f5c313f9000,0x00007f5c314fa000)]
  0x00007f5c5c160800 JavaThread "Finalizer" daemon [_thread_blocked, id=19474, stack(0x00007f5c312f8000,0x00007f5c313f9000)]
  0x00007f5c5c167000 JavaThread "Signal Dispatcher" daemon [_thread_blocked, id=19476, stack(0x00007f5c306a7000,0x00007f5c307a8000)]
  0x00007f5c5c169000 JavaThread "C2 CompilerThread0" daemon [_thread_blocked, id=19479, stack(0x00007f5c305a6000,0x00007f5c306a7000)]
  0x00007f5c5c16b000 JavaThread "C1 CompilerThread0" daemon [_thread_blocked, id=19480, stack(0x00007f5c304a5000,0x00007f5c305a6000)]
  0x00007f5c5c16d000 JavaThread "Sweeper thread" daemon [_thread_blocked, id=19481, stack(0x00007f5c303a4000,0x00007f5c304a5000)]
  0x00007f5c5c17b800 JavaThread "Common-Cleaner" daemon [_thread_blocked, id=19482, stack(0x00007f5c302a3000,0x00007f5c303a4000)]
  0x00007f5c5c1ec000 JavaThread "Monitor Ctrl-Break" daemon [_thread_in_native, id=19483, stack(0x00007f5c0bce7000,0x00007f5c0bde8000)]
  0x00007f5c5c1ed000 JavaThread "Service Thread" daemon [_thread_blocked, id=19484, stack(0x00007f5c0bbe6000,0x00007f5c0bce7000)]

Other Threads:
  0x00007f5c5c15b800 VMThread "VM Thread" [stack: 0x00007f5c314fc000,0x00007f5c315fc000] [id=19472]
  0x00007f5c5c1e8000 WatcherThread [stack: 0x00007f5c0bae6000,0x00007f5c0bbe6000] [id=19485]
  0x00007f5c5c063800 GCTaskThread "GC Thread#0" [stack: 0x00007f5c600e4000,0x00007f5c601e4000] [id=19463]
  0x00007f5c5c071800 ConcurrentGCThread "G1 Main Marker" [stack: 0x00007f5c40548000,0x00007f5c40648000] [id=19466]
  0x00007f5c5c073000 ConcurrentGCThread "G1 Conc#0" [stack: 0x00007f5c40446000,0x00007f5c40546000] [id=19469]
  0x00007f5c5c0ea800 ConcurrentGCThread "G1 Refine#0" [stack: 0x00007f5c31f00000,0x00007f5c32000000] [id=19470]
  0x00007f5c5c0ec800 ConcurrentGCThread "G1 Young RemSet Sampling" [stack: 0x00007f5c31dfe000,0x00007f5c31efe000] [id=19471]

Threads with active compile tasks:

VM state:not at safepoint (normal execution)

VM Mutex/Monitor currently owned by a thread: None

Heap address: 0x0000000085000000, size: 1968 MB, Compressed Oops mode: 32-bit
Narrow klass base: 0x0000000800000000, Narrow klass shift: 3
Compressed class space size: 1073741824 Address: 0x0000000801129000

Heap:
 garbage-first heap   total 129024K, used 8932K [0x0000000085000000, 0x0000000100000000)
  region size 1024K, 10 young (10240K), 0 survivors (0K)
 Metaspace       used 3240K, capacity 5807K, committed 6016K, reserved 1056768K
  class space    used 345K, capacity 573K, committed 640K, reserved 1048576K
Heap Regions: E=young(eden), S=young(survivor), O=old, HS=humongous(starts), HC=humongous(continues), CS=collection set, F=free, A=archive, TAMS=top-at-mark-start (previous, next)
|   0|0x0000000085000000, 0x0000000085000000, 0x0000000085100000|  0%| F|  |TAMS 0x0000000085000000, 0x0000000085000000| Untracked 
|   1|0x0000000085100000, 0x0000000085100000, 0x0000000085200000|  0%| F|  |TAMS 0x0000000085100000, 0x0000000085100000| Untracked 
|   2|0x0000000085200000, 0x0000000085200000, 0x0000000085300000|  0%| F|  |TAMS 0x0000000085200000, 0x0000000085200000| Untracked 
|   3|0x0000000085300000, 0x0000000085300000, 0x0000000085400000|  0%| F|  |TAMS 0x0000000085300000, 0x0000000085300000| Untracked 
|   4|0x0000000085400000, 0x0000000085400000, 0x0000000085500000|  0%| F|  |TAMS 0x0000000085400000, 0x0000000085400000| Untracked 
|   5|0x0000000085500000, 0x0000000085500000, 0x0000000085600000|  0%| F|  |TAMS 0x0000000085500000, 0x0000000085500000| Untracked 
|   6|0x0000000085600000, 0x0000000085600000, 0x0000000085700000|  0%| F|  |TAMS 0x0000000085600000, 0x0000000085600000| Untracked 
|   7|0x0000000085700000, 0x0000000085700000, 0x0000000085800000|  0%| F|  |TAMS 0x0000000085700000, 0x0000000085700000| Untracked 
|   8|0x0000000085800000, 0x0000000085800000, 0x0000000085900000|  0%| F|  |TAMS 0x0000000085800000, 0x0000000085800000| Untracked 
|   9|0x0000000085900000, 0x0000000085900000, 0x0000000085a00000|  0%| F|  |TAMS 0x0000000085900000, 0x0000000085900000| Untracked 
|  10|0x0000000085a00000, 0x0000000085a00000, 0x0000000085b00000|  0%| F|  |TAMS 0x0000000085a00000, 0x0000000085a00000| Untracked 
|  11|0x0000000085b00000, 0x0000000085b00000, 0x0000000085c00000|  0%| F|  |TAMS 0x0000000085b00000, 0x0000000085b00000| Untracked 
|  12|0x0000000085c00000, 0x0000000085c00000, 0x0000000085d00000|  0%| F|  |TAMS 0x0000000085c00000, 0x0000000085c00000| Untracked 
|  13|0x0000000085d00000, 0x0000000085d00000, 0x0000000085e00000|  0%| F|  |TAMS 0x0000000085d00000, 0x0000000085d00000| Untracked 
|  14|0x0000000085e00000, 0x0000000085e00000, 0x0000000085f00000|  0%| F|  |TAMS 0x0000000085e00000, 0x0000000085e00000| Untracked 
|  15|0x0000000085f00000, 0x0000000085f00000, 0x0000000086000000|  0%| F|  |TAMS 0x0000000085f00000, 0x0000000085f00000| Untracked 
|  16|0x0000000086000000, 0x0000000086000000, 0x0000000086100000|  0%| F|  |TAMS 0x0000000086000000, 0x0000000086000000| Untracked 
|  17|0x0000000086100000, 0x0000000086100000, 0x0000000086200000|  0%| F|  |TAMS 0x0000000086100000, 0x0000000086100000| Untracked 
|  18|0x0000000086200000, 0x0000000086200000, 0x0000000086300000|  0%| F|  |TAMS 0x0000000086200000, 0x0000000086200000| Untracked 
|  19|0x0000000086300000, 0x0000000086300000, 0x0000000086400000|  0%| F|  |TAMS 0x0000000086300000, 0x0000000086300000| Untracked 
|  20|0x0000000086400000, 0x0000000086400000, 0x0000000086500000|  0%| F|  |TAMS 0x0000000086400000, 0x0000000086400000| Untracked 
|  21|0x0000000086500000, 0x0000000086500000, 0x0000000086600000|  0%| F|  |TAMS 0x0000000086500000, 0x0000000086500000| Untracked 
|  22|0x0000000086600000, 0x0000000086600000, 0x0000000086700000|  0%| F|  |TAMS 0x0000000086600000, 0x0000000086600000| Untracked 
|  23|0x0000000086700000, 0x0000000086700000, 0x0000000086800000|  0%| F|  |TAMS 0x0000000086700000, 0x0000000086700000| Untracked 
|  24|0x0000000086800000, 0x0000000086800000, 0x0000000086900000|  0%| F|  |TAMS 0x0000000086800000, 0x0000000086800000| Untracked 
|  25|0x0000000086900000, 0x0000000086900000, 0x0000000086a00000|  0%| F|  |TAMS 0x0000000086900000, 0x0000000086900000| Untracked 
|  26|0x0000000086a00000, 0x0000000086a00000, 0x0000000086b00000|  0%| F|  |TAMS 0x0000000086a00000, 0x0000000086a00000| Untracked 
|  27|0x0000000086b00000, 0x0000000086b00000, 0x0000000086c00000|  0%| F|  |TAMS 0x0000000086b00000, 0x0000000086b00000| Untracked 
|  28|0x0000000086c00000, 0x0000000086c00000, 0x0000000086d00000|  0%| F|  |TAMS 0x0000000086c00000, 0x0000000086c00000| Untracked 
|  29|0x0000000086d00000, 0x0000000086d00000, 0x0000000086e00000|  0%| F|  |TAMS 0x0000000086d00000, 0x0000000086d00000| Untracked 
|  30|0x0000000086e00000, 0x0000000086e00000, 0x0000000086f00000|  0%| F|  |TAMS 0x0000000086e00000, 0x0000000086e00000| Untracked 
|  31|0x0000000086f00000, 0x0000000086f00000, 0x0000000087000000|  0%| F|  |TAMS 0x0000000086f00000, 0x0000000086f00000| Untracked 
|  32|0x0000000087000000, 0x0000000087000000, 0x0000000087100000|  0%| F|  |TAMS 0x0000000087000000, 0x0000000087000000| Untracked 
|  33|0x0000000087100000, 0x0000000087100000, 0x0000000087200000|  0%| F|  |TAMS 0x0000000087100000, 0x0000000087100000| Untracked 
|  34|0x0000000087200000, 0x0000000087200000, 0x0000000087300000|  0%| F|  |TAMS 0x0000000087200000, 0x0000000087200000| Untracked 
|  35|0x0000000087300000, 0x0000000087300000, 0x0000000087400000|  0%| F|  |TAMS 0x0000000087300000, 0x0000000087300000| Untracked 
|  36|0x0000000087400000, 0x0000000087400000, 0x0000000087500000|  0%| F|  |TAMS 0x0000000087400000, 0x0000000087400000| Untracked 
|  37|0x0000000087500000, 0x0000000087500000, 0x0000000087600000|  0%| F|  |TAMS 0x0000000087500000, 0x0000000087500000| Untracked 
|  38|0x0000000087600000, 0x0000000087600000, 0x0000000087700000|  0%| F|  |TAMS 0x0000000087600000, 0x0000000087600000| Untracked 
|  39|0x0000000087700000, 0x0000000087700000, 0x0000000087800000|  0%| F|  |TAMS 0x0000000087700000, 0x0000000087700000| Untracked 
|  40|0x0000000087800000, 0x0000000087800000, 0x0000000087900000|  0%| F|  |TAMS 0x0000000087800000, 0x0000000087800000| Untracked 
|  41|0x0000000087900000, 0x0000000087900000, 0x0000000087a00000|  0%| F|  |TAMS 0x0000000087900000, 0x0000000087900000| Untracked 
|  42|0x0000000087a00000, 0x0000000087a00000, 0x0000000087b00000|  0%| F|  |TAMS 0x0000000087a00000, 0x0000000087a00000| Untracked 
|  43|0x0000000087b00000, 0x0000000087b00000, 0x0000000087c00000|  0%| F|  |TAMS 0x0000000087b00000, 0x0000000087b00000| Untracked 
|  44|0x0000000087c00000, 0x0000000087c00000, 0x0000000087d00000|  0%| F|  |TAMS 0x0000000087c00000, 0x0000000087c00000| Untracked 
|  45|0x0000000087d00000, 0x0000000087d00000, 0x0000000087e00000|  0%| F|  |TAMS 0x0000000087d00000, 0x0000000087d00000| Untracked 
|  46|0x0000000087e00000, 0x0000000087e00000, 0x0000000087f00000|  0%| F|  |TAMS 0x0000000087e00000, 0x0000000087e00000| Untracked 
|  47|0x0000000087f00000, 0x0000000087f00000, 0x0000000088000000|  0%| F|  |TAMS 0x0000000087f00000, 0x0000000087f00000| Untracked 
|  48|0x0000000088000000, 0x0000000088000000, 0x0000000088100000|  0%| F|  |TAMS 0x0000000088000000, 0x0000000088000000| Untracked 
|  49|0x0000000088100000, 0x0000000088100000, 0x0000000088200000|  0%| F|  |TAMS 0x0000000088100000, 0x0000000088100000| Untracked 
|  50|0x0000000088200000, 0x0000000088200000, 0x0000000088300000|  0%| F|  |TAMS 0x0000000088200000, 0x0000000088200000| Untracked 
|  51|0x0000000088300000, 0x0000000088300000, 0x0000000088400000|  0%| F|  |TAMS 0x0000000088300000, 0x0000000088300000| Untracked 
|  52|0x0000000088400000, 0x0000000088400000, 0x0000000088500000|  0%| F|  |TAMS 0x0000000088400000, 0x0000000088400000| Untracked 
|  53|0x0000000088500000, 0x0000000088500000, 0x0000000088600000|  0%| F|  |TAMS 0x0000000088500000, 0x0000000088500000| Untracked 
|  54|0x0000000088600000, 0x0000000088600000, 0x0000000088700000|  0%| F|  |TAMS 0x0000000088600000, 0x0000000088600000| Untracked 
|  55|0x0000000088700000, 0x0000000088700000, 0x0000000088800000|  0%| F|  |TAMS 0x0000000088700000, 0x0000000088700000| Untracked 
|  56|0x0000000088800000, 0x0000000088800000, 0x0000000088900000|  0%| F|  |TAMS 0x0000000088800000, 0x0000000088800000| Untracked 
|  57|0x0000000088900000, 0x0000000088900000, 0x0000000088a00000|  0%| F|  |TAMS 0x0000000088900000, 0x0000000088900000| Untracked 
|  58|0x0000000088a00000, 0x0000000088a00000, 0x0000000088b00000|  0%| F|  |TAMS 0x0000000088a00000, 0x0000000088a00000| Untracked 
|  59|0x0000000088b00000, 0x0000000088b00000, 0x0000000088c00000|  0%| F|  |TAMS 0x0000000088b00000, 0x0000000088b00000| Untracked 
|  60|0x0000000088c00000, 0x0000000088c00000, 0x0000000088d00000|  0%| F|  |TAMS 0x0000000088c00000, 0x0000000088c00000| Untracked 
|  61|0x0000000088d00000, 0x0000000088d00000, 0x0000000088e00000|  0%| F|  |TAMS 0x0000000088d00000, 0x0000000088d00000| Untracked 
|  62|0x0000000088e00000, 0x0000000088e00000, 0x0000000088f00000|  0%| F|  |TAMS 0x0000000088e00000, 0x0000000088e00000| Untracked 
|  63|0x0000000088f00000, 0x0000000088f00000, 0x0000000089000000|  0%| F|  |TAMS 0x0000000088f00000, 0x0000000088f00000| Untracked 
|  64|0x0000000089000000, 0x0000000089000000, 0x0000000089100000|  0%| F|  |TAMS 0x0000000089000000, 0x0000000089000000| Untracked 
|  65|0x0000000089100000, 0x0000000089100000, 0x0000000089200000|  0%| F|  |TAMS 0x0000000089100000, 0x0000000089100000| Untracked 
|  66|0x0000000089200000, 0x0000000089200000, 0x0000000089300000|  0%| F|  |TAMS 0x0000000089200000, 0x0000000089200000| Untracked 
|  67|0x0000000089300000, 0x0000000089300000, 0x0000000089400000|  0%| F|  |TAMS 0x0000000089300000, 0x0000000089300000| Untracked 
|  68|0x0000000089400000, 0x0000000089400000, 0x0000000089500000|  0%| F|  |TAMS 0x0000000089400000, 0x0000000089400000| Untracked 
|  69|0x0000000089500000, 0x0000000089500000, 0x0000000089600000|  0%| F|  |TAMS 0x0000000089500000, 0x0000000089500000| Untracked 
|  70|0x0000000089600000, 0x0000000089600000, 0x0000000089700000|  0%| F|  |TAMS 0x0000000089600000, 0x0000000089600000| Untracked 
|  71|0x0000000089700000, 0x0000000089700000, 0x0000000089800000|  0%| F|  |TAMS 0x0000000089700000, 0x0000000089700000| Untracked 
|  72|0x0000000089800000, 0x0000000089800000, 0x0000000089900000|  0%| F|  |TAMS 0x0000000089800000, 0x0000000089800000| Untracked 
|  73|0x0000000089900000, 0x0000000089900000, 0x0000000089a00000|  0%| F|  |TAMS 0x0000000089900000, 0x0000000089900000| Untracked 
|  74|0x0000000089a00000, 0x0000000089a00000, 0x0000000089b00000|  0%| F|  |TAMS 0x0000000089a00000, 0x0000000089a00000| Untracked 
|  75|0x0000000089b00000, 0x0000000089b00000, 0x0000000089c00000|  0%| F|  |TAMS 0x0000000089b00000, 0x0000000089b00000| Untracked 
|  76|0x0000000089c00000, 0x0000000089c00000, 0x0000000089d00000|  0%| F|  |TAMS 0x0000000089c00000, 0x0000000089c00000| Untracked 
|  77|0x0000000089d00000, 0x0000000089d00000, 0x0000000089e00000|  0%| F|  |TAMS 0x0000000089d00000, 0x0000000089d00000| Untracked 
|  78|0x0000000089e00000, 0x0000000089e00000, 0x0000000089f00000|  0%| F|  |TAMS 0x0000000089e00000, 0x0000000089e00000| Untracked 
|  79|0x0000000089f00000, 0x0000000089f00000, 0x000000008a000000|  0%| F|  |TAMS 0x0000000089f00000, 0x0000000089f00000| Untracked 
|  80|0x000000008a000000, 0x000000008a000000, 0x000000008a100000|  0%| F|  |TAMS 0x000000008a000000, 0x000000008a000000| Untracked 
|  81|0x000000008a100000, 0x000000008a100000, 0x000000008a200000|  0%| F|  |TAMS 0x000000008a100000, 0x000000008a100000| Untracked 
|  82|0x000000008a200000, 0x000000008a200000, 0x000000008a300000|  0%| F|  |TAMS 0x000000008a200000, 0x000000008a200000| Untracked 
|  83|0x000000008a300000, 0x000000008a300000, 0x000000008a400000|  0%| F|  |TAMS 0x000000008a300000, 0x000000008a300000| Untracked 
|  84|0x000000008a400000, 0x000000008a400000, 0x000000008a500000|  0%| F|  |TAMS 0x000000008a400000, 0x000000008a400000| Untracked 
|  85|0x000000008a500000, 0x000000008a500000, 0x000000008a600000|  0%| F|  |TAMS 0x000000008a500000, 0x000000008a500000| Untracked 
|  86|0x000000008a600000, 0x000000008a600000, 0x000000008a700000|  0%| F|  |TAMS 0x000000008a600000, 0x000000008a600000| Untracked 
|  87|0x000000008a700000, 0x000000008a700000, 0x000000008a800000|  0%| F|  |TAMS 0x000000008a700000, 0x000000008a700000| Untracked 
|  88|0x000000008a800000, 0x000000008a800000, 0x000000008a900000|  0%| F|  |TAMS 0x000000008a800000, 0x000000008a800000| Untracked 
|  89|0x000000008a900000, 0x000000008a900000, 0x000000008aa00000|  0%| F|  |TAMS 0x000000008a900000, 0x000000008a900000| Untracked 
|  90|0x000000008aa00000, 0x000000008aa00000, 0x000000008ab00000|  0%| F|  |TAMS 0x000000008aa00000, 0x000000008aa00000| Untracked 
|  91|0x000000008ab00000, 0x000000008ab00000, 0x000000008ac00000|  0%| F|  |TAMS 0x000000008ab00000, 0x000000008ab00000| Untracked 
|  92|0x000000008ac00000, 0x000000008ac00000, 0x000000008ad00000|  0%| F|  |TAMS 0x000000008ac00000, 0x000000008ac00000| Untracked 
|  93|0x000000008ad00000, 0x000000008ad00000, 0x000000008ae00000|  0%| F|  |TAMS 0x000000008ad00000, 0x000000008ad00000| Untracked 
|  94|0x000000008ae00000, 0x000000008ae00000, 0x000000008af00000|  0%| F|  |TAMS 0x000000008ae00000, 0x000000008ae00000| Untracked 
|  95|0x000000008af00000, 0x000000008af00000, 0x000000008b000000|  0%| F|  |TAMS 0x000000008af00000, 0x000000008af00000| Untracked 
|  96|0x000000008b000000, 0x000000008b000000, 0x000000008b100000|  0%| F|  |TAMS 0x000000008b000000, 0x000000008b000000| Untracked 
|  97|0x000000008b100000, 0x000000008b100000, 0x000000008b200000|  0%| F|  |TAMS 0x000000008b100000, 0x000000008b100000| Untracked 
|  98|0x000000008b200000, 0x000000008b200000, 0x000000008b300000|  0%| F|  |TAMS 0x000000008b200000, 0x000000008b200000| Untracked 
|  99|0x000000008b300000, 0x000000008b300000, 0x000000008b400000|  0%| F|  |TAMS 0x000000008b300000, 0x000000008b300000| Untracked 
| 100|0x000000008b400000, 0x000000008b400000, 0x000000008b500000|  0%| F|  |TAMS 0x000000008b400000, 0x000000008b400000| Untracked 
| 101|0x000000008b500000, 0x000000008b500000, 0x000000008b600000|  0%| F|  |TAMS 0x000000008b500000, 0x000000008b500000| Untracked 
| 102|0x000000008b600000, 0x000000008b600000, 0x000000008b700000|  0%| F|  |TAMS 0x000000008b600000, 0x000000008b600000| Untracked 
| 103|0x000000008b700000, 0x000000008b700000, 0x000000008b800000|  0%| F|  |TAMS 0x000000008b700000, 0x000000008b700000| Untracked 
| 104|0x000000008b800000, 0x000000008b800000, 0x000000008b900000|  0%| F|  |TAMS 0x000000008b800000, 0x000000008b800000| Untracked 
| 105|0x000000008b900000, 0x000000008b900000, 0x000000008ba00000|  0%| F|  |TAMS 0x000000008b900000, 0x000000008b900000| Untracked 
| 106|0x000000008ba00000, 0x000000008ba00000, 0x000000008bb00000|  0%| F|  |TAMS 0x000000008ba00000, 0x000000008ba00000| Untracked 
| 107|0x000000008bb00000, 0x000000008bb00000, 0x000000008bc00000|  0%| F|  |TAMS 0x000000008bb00000, 0x000000008bb00000| Untracked 
| 108|0x000000008bc00000, 0x000000008bc00000, 0x000000008bd00000|  0%| F|  |TAMS 0x000000008bc00000, 0x000000008bc00000| Untracked 
| 109|0x000000008bd00000, 0x000000008bd00000, 0x000000008be00000|  0%| F|  |TAMS 0x000000008bd00000, 0x000000008bd00000| Untracked 
| 110|0x000000008be00000, 0x000000008be00000, 0x000000008bf00000|  0%| F|  |TAMS 0x000000008be00000, 0x000000008be00000| Untracked 
| 111|0x000000008bf00000, 0x000000008bf00000, 0x000000008c000000|  0%| F|  |TAMS 0x000000008bf00000, 0x000000008bf00000| Untracked 
| 112|0x000000008c000000, 0x000000008c000000, 0x000000008c100000|  0%| F|  |TAMS 0x000000008c000000, 0x000000008c000000| Untracked 
| 113|0x000000008c100000, 0x000000008c100000, 0x000000008c200000|  0%| F|  |TAMS 0x000000008c100000, 0x000000008c100000| Untracked 
| 114|0x000000008c200000, 0x000000008c290ec8, 0x000000008c300000| 56%| E|  |TAMS 0x000000008c200000, 0x000000008c200000| Complete 
| 115|0x000000008c300000, 0x000000008c400000, 0x000000008c400000|100%| E|CS|TAMS 0x000000008c300000, 0x000000008c300000| Complete 
| 116|0x000000008c400000, 0x000000008c500000, 0x000000008c500000|100%| E|CS|TAMS 0x000000008c400000, 0x000000008c400000| Complete 
| 117|0x000000008c500000, 0x000000008c600000, 0x000000008c600000|100%| E|CS|TAMS 0x000000008c500000, 0x000000008c500000| Complete 
| 118|0x000000008c600000, 0x000000008c700000, 0x000000008c700000|100%| E|CS|TAMS 0x000000008c600000, 0x000000008c600000| Complete 
| 119|0x000000008c700000, 0x000000008c800000, 0x000000008c800000|100%| E|CS|TAMS 0x000000008c700000, 0x000000008c700000| Complete 
| 120|0x000000008c800000, 0x000000008c900000, 0x000000008c900000|100%| E|  |TAMS 0x000000008c800000, 0x000000008c800000| Complete 
| 121|0x000000008c900000, 0x000000008ca00000, 0x000000008ca00000|100%| E|CS|TAMS 0x000000008c900000, 0x000000008c900000| Complete 
| 122|0x000000008ca00000, 0x000000008cb00000, 0x000000008cb00000|100%| E|CS|TAMS 0x000000008ca00000, 0x000000008ca00000| Complete 
| 123|0x000000008cb00000, 0x000000008cc00000, 0x000000008cc00000|100%| E|CS|TAMS 0x000000008cb00000, 0x000000008cb00000| Complete 
|1966|0x00000000ffe00000, 0x00000000ffe47000, 0x00000000fff00000| 27%|OA|  |TAMS 0x00000000ffe00000, 0x00000000ffe00000| Untracked 
|1967|0x00000000fff00000, 0x00000000fff72000, 0x0000000100000000| 44%|CA|  |TAMS 0x00000000fff00000, 0x00000000fff00000| Untracked 

Card table byte_map: [0x00007f5c447a0000,0x00007f5c44b78000] _byte_map_base: 0x00007f5c44378000

Marking Bits (Prev, Next): (CMBitMap*) 0x00007f5c5c064e38, (CMBitMap*) 0x00007f5c5c064e78
 Prev Bits: [0x00007f5c42508000, 0x00007f5c443c8000)
 Next Bits: [0x00007f5c40648000, 0x00007f5c42508000)

Polling page: 0x00007f5c6472e000

Metaspace:

Usage:
  Non-class:      5,11 MB capacity,     2,83 MB ( 55%) used,     2,28 MB ( 45%) free+waste,     7,06 KB ( <1%) overhead. 
      Class:    573,00 KB capacity,   345,27 KB ( 60%) used,   223,91 KB ( 39%) free+waste,     3,81 KB ( <1%) overhead. 
       Both:      5,67 MB capacity,     3,16 MB ( 56%) used,     2,50 MB ( 44%) free+waste,    10,88 KB ( <1%) overhead. 

Virtual space:
  Non-class space:        8,00 MB reserved,       5,25 MB ( 66%) committed 
      Class space:        1,00 GB reserved,     640,00 KB ( <1%) committed 
             Both:        1,01 GB reserved,       5,88 MB ( <1%) committed 

Chunk freelists:
   Non-Class:  3,75 KB
       Class:  0 bytes
        Both:  3,75 KB

CodeHeap 'non-profiled nmethods': size=120032Kb used=168Kb max_used=168Kb free=119863Kb
 bounds [0x00007f5c4c640000, 0x00007f5c4c8b0000, 0x00007f5c53b78000]
CodeHeap 'profiled nmethods': size=120032Kb used=879Kb max_used=879Kb free=119152Kb
 bounds [0x00007f5c45108000, 0x00007f5c45378000, 0x00007f5c4c640000]
CodeHeap 'non-nmethods': size=5696Kb used=1089Kb max_used=1102Kb free=4606Kb
 bounds [0x00007f5c44b78000, 0x00007f5c44de8000, 0x00007f5c45108000]
 total_blobs=1055 nmethods=525 adapters=308
 compilation: enabled
              stopped_count=0, restarted_count=0
 full_count=0

Compilation events (10 events):
Event: 0,724 Thread 0x00007f5c5c169000  462       4       java.lang.AbstractStringBuilder::append (45 bytes)
Event: 0,724 Thread 0x00007f5c5c16b000  518       3       sun.invoke.util.BytecodeDescriptor::unparseSig (91 bytes)
Event: 0,728 Thread 0x00007f5c5c16b000 nmethod 518 0x00007f5c451dde10 code [0x00007f5c451de0a0, 0x00007f5c451de988]
Event: 0,728 Thread 0x00007f5c5c16b000  520       3       java.util.StringTokenizer::scanToken (179 bytes)
Event: 0,731 Thread 0x00007f5c5c16b000 nmethod 520 0x00007f5c451ded10 code [0x00007f5c451df0a0, 0x00007f5c451e06b8]
Event: 0,731 Thread 0x00007f5c5c16b000  524       3       java.lang.String::charAt (25 bytes)
Event: 0,733 Thread 0x00007f5c5c16b000 nmethod 524 0x00007f5c451e0e90 code [0x00007f5c451e10a0, 0x00007f5c451e1618]
Event: 0,733 Thread 0x00007f5c5c16b000  525       3       java.lang.String::isLatin1 (19 bytes)
Event: 0,733 Thread 0x00007f5c5c16b000 nmethod 525 0x00007f5c451e1810 code [0x00007f5c451e19c0, 0x00007f5c451e1bb0]
Event: 0,733 Thread 0x00007f5c5c16b000  522       3       java.util.StringTokenizer::skipDelimiters (116 bytes)

GC Heap History (0 events):
No events

Deoptimization events (4 events):
Event: 0,276 Thread 0x00007f5c5c014000 Uncommon trap: reason=unstable_if action=reinterpret pc=0x00007f5c4c64c0fc method=java.util.HashMap.putVal(ILjava/lang/Object;Ljava/lang/Object;ZZ)Ljava/lang/Object; @ 181 c2
Event: 0,588 Thread 0x00007f5c5c014000 Uncommon trap: reason=bimorphic_or_optimized_type_check action=maybe_recompile pc=0x00007f5c4c6492a4 method=java.util.AbstractCollection.isEmpty()Z @ 1 c2
Event: 0,730 Thread 0x00007f5c5c014000 Uncommon trap: reason=unstable_if action=reinterpret pc=0x00007f5c4c640d1c method=java.lang.String.isLatin1()Z @ 10 c2
Event: 0,732 Thread 0x00007f5c5c014000 Uncommon trap: reason=unstable_if action=reinterpret pc=0x00007f5c4c651488 method=java.lang.String.isLatin1()Z @ 10 c2

Classes redefined (0 events):
No events

Internal exceptions (3 events):
Event: 0,307 Thread 0x00007f5c5c014000 Exception <a 'java/io/FileNotFoundException'{0x000000008c9f7d08}> (0x000000008c9f7d08) thrown at [/scratch/opt/mach5/mesos/work_dir/slaves/2dd962d0-8988-479b-a804-57ab764ada59-S77524/frameworks/1735e8a2-a1db-478c-8104-60c8b0af87dd-0196/executors/1f998a92-
Event: 0,398 Thread 0x00007f5c5c014000 Exception <a 'java/lang/NoSuchMethodError'{0x000000008c7b0888}: java.lang.invoke.DirectMethodHandle$Holder.invokeSpecialIFC(Ljava/lang/Object;Ljava/lang/Object;I)I> (0x000000008c7b0888) thrown at [/scratch/opt/mach5/mesos/work_dir/slaves/2dd962d0-8988-479
Event: 0,522 Thread 0x00007f5c5c014000 Exception <a 'java/lang/IncompatibleClassChangeError'{0x000000008c541b70}: Found class java.lang.Object, but interface was expected> (0x000000008c541b70) thrown at [/scratch/opt/mach5/mesos/work_dir/slaves/2dd962d0-8988-479b-a804-57ab764ada59-S77524/frame

Events (10 events):
Event: 0,730 Thread 0x00007f5c5c014000 Uncommon trap: trap_request=0xffffff4d fr.pc=0x00007f5c4c640d1c relative=0x000000000000007c
Event: 0,730 Thread 0x00007f5c5c014000 DEOPT PACKING pc=0x00007f5c4c640d1c sp=0x00007f5c64712ea0
Event: 0,730 Thread 0x00007f5c5c014000 DEOPT UNPACKING pc=0x00007f5c44ba1325 sp=0x00007f5c64712e00 mode 2
Event: 0,731 loading class java/text/FieldPosition$Delegate
Event: 0,731 loading class java/text/FieldPosition$Delegate done
Event: 0,732 loading class java/text/MessageFormat$Field
Event: 0,732 loading class java/text/MessageFormat$Field done
Event: 0,732 Thread 0x00007f5c5c014000 Uncommon trap: trap_request=0xffffff4d fr.pc=0x00007f5c4c651488 relative=0x0000000000000068
Event: 0,732 Thread 0x00007f5c5c014000 DEOPT PACKING pc=0x00007f5c4c651488 sp=0x00007f5c64712e50
Event: 0,732 Thread 0x00007f5c5c014000 DEOPT UNPACKING pc=0x00007f5c44ba1325 sp=0x00007f5c64712e00 mode 2


Dynamic libraries:
00400000-00401000 r-xp 00000000 08:02 7735135                            /usr/lib/jvm/java-12-oracle/bin/java
00600000-00601000 r--p 00000000 08:02 7735135                            /usr/lib/jvm/java-12-oracle/bin/java
00601000-00602000 rw-p 00001000 08:02 7735135                            /usr/lib/jvm/java-12-oracle/bin/java
00724000-00745000 rw-p 00000000 00:00 0                                  [heap]
85000000-8cc00000 rw-p 00000000 00:00 0 
8cc00000-ffe00000 ---p 00000000 00:00 0 
ffe00000-ffe47000 rw-p 0119c000 08:02 7737741                            /usr/lib/jvm/java-12-oracle/lib/server/classes.jsa
ffe47000-fff00000 rw-p 00000000 00:00 0 
fff00000-fff72000 rw-p 0112a000 08:02 7737741                            /usr/lib/jvm/java-12-oracle/lib/server/classes.jsa
fff72000-100000000 rw-p 00000000 00:00 0 
800000000-800003000 rwxp 00001000 08:02 7737741                          /usr/lib/jvm/java-12-oracle/lib/server/classes.jsa
800003000-8003d9000 rw-p 00004000 08:02 7737741                          /usr/lib/jvm/java-12-oracle/lib/server/classes.jsa
8003d9000-800ae3000 r--p 003da000 08:02 7737741                          /usr/lib/jvm/java-12-oracle/lib/server/classes.jsa
800ae3000-800ae4000 rw-p 00ae4000 08:02 7737741                          /usr/lib/jvm/java-12-oracle/lib/server/classes.jsa
800ae4000-801129000 r--p 00ae5000 08:02 7737741                          /usr/lib/jvm/java-12-oracle/lib/server/classes.jsa
801129000-8011c9000 rw-p 00000000 00:00 0 
8011c9000-841129000 ---p 00000000 00:00 0 
7f5bf8000000-7f5bf8021000 rw-p 00000000 00:00 0 
7f5bf8021000-7f5bfc000000 ---p 00000000 00:00 0 
7f5bfc000000-7f5bfc021000 rw-p 00000000 00:00 0 
7f5bfc021000-7f5c00000000 ---p 00000000 00:00 0 
7f5c00000000-7f5c00021000 rw-p 00000000 00:00 0 
7f5c00021000-7f5c04000000 ---p 00000000 00:00 0 
7f5c04000000-7f5c04021000 rw-p 00000000 00:00 0 
7f5c04021000-7f5c08000000 ---p 00000000 00:00 0 
7f5c0b555000-7f5c0b8e1000 rw-p 00000000 00:00 0 
7f5c0b8e1000-7f5c0b8e3000 r-xp 00000000 08:02 7737698                    /usr/lib/jvm/java-12-oracle/lib/libextnet.so
7f5c0b8e3000-7f5c0bae2000 ---p 00002000 08:02 7737698                    /usr/lib/jvm/java-12-oracle/lib/libextnet.so
7f5c0bae2000-7f5c0bae3000 r--p 00001000 08:02 7737698                    /usr/lib/jvm/java-12-oracle/lib/libextnet.so
7f5c0bae3000-7f5c0bae4000 rw-p 00002000 08:02 7737698                    /usr/lib/jvm/java-12-oracle/lib/libextnet.so
7f5c0bae4000-7f5c0bae5000 ---p 00000000 00:00 0 
7f5c0bae5000-7f5c0bbe6000 rw-p 00000000 00:00 0 
7f5c0bbe6000-7f5c0bbea000 ---p 00000000 00:00 0 
7f5c0bbea000-7f5c0bce7000 rw-p 00000000 00:00 0 
7f5c0bce7000-7f5c0bceb000 ---p 00000000 00:00 0 
7f5c0bceb000-7f5c0bde8000 rw-p 00000000 00:00 0 
7f5c0bde8000-7f5c0bdfe000 r-xp 00000000 08:02 7737718                    /usr/lib/jvm/java-12-oracle/lib/libnet.so
7f5c0bdfe000-7f5c0bffe000 ---p 00016000 08:02 7737718                    /usr/lib/jvm/java-12-oracle/lib/libnet.so
7f5c0bffe000-7f5c0bfff000 r--p 00016000 08:02 7737718                    /usr/lib/jvm/java-12-oracle/lib/libnet.so
7f5c0bfff000-7f5c0c000000 rw-p 00017000 08:02 7737718                    /usr/lib/jvm/java-12-oracle/lib/libnet.so
7f5c0c000000-7f5c0c379000 rw-p 00000000 00:00 0 
7f5c0c379000-7f5c10000000 ---p 00000000 00:00 0 
7f5c10000000-7f5c10021000 rw-p 00000000 00:00 0 
7f5c10021000-7f5c14000000 ---p 00000000 00:00 0 
7f5c14000000-7f5c14021000 rw-p 00000000 00:00 0 
7f5c14021000-7f5c18000000 ---p 00000000 00:00 0 
7f5c18000000-7f5c1833c000 rw-p 00000000 00:00 0 
7f5c1833c000-7f5c1c000000 ---p 00000000 00:00 0 
7f5c1c000000-7f5c1c021000 rw-p 00000000 00:00 0 
7f5c1c021000-7f5c20000000 ---p 00000000 00:00 0 
7f5c20000000-7f5c20021000 rw-p 00000000 00:00 0 
7f5c20021000-7f5c24000000 ---p 00000000 00:00 0 
7f5c24000000-7f5c24021000 rw-p 00000000 00:00 0 
7f5c24021000-7f5c28000000 ---p 00000000 00:00 0 
7f5c28000000-7f5c28021000 rw-p 00000000 00:00 0 
7f5c28021000-7f5c2c000000 ---p 00000000 00:00 0 
7f5c2c000000-7f5c2c021000 rw-p 00000000 00:00 0 
7f5c2c021000-7f5c30000000 ---p 00000000 00:00 0 
7f5c30091000-7f5c300a2000 r-xp 00000000 08:02 7737719                    /usr/lib/jvm/java-12-oracle/lib/libnio.so
7f5c300a2000-7f5c302a1000 ---p 00011000 08:02 7737719                    /usr/lib/jvm/java-12-oracle/lib/libnio.so
7f5c302a1000-7f5c302a2000 r--p 00010000 08:02 7737719                    /usr/lib/jvm/java-12-oracle/lib/libnio.so
7f5c302a2000-7f5c302a3000 rw-p 00011000 08:02 7737719                    /usr/lib/jvm/java-12-oracle/lib/libnio.so
7f5c302a3000-7f5c302a7000 ---p 00000000 00:00 0 
7f5c302a7000-7f5c303a4000 rw-p 00000000 00:00 0 
7f5c303a4000-7f5c303a8000 ---p 00000000 00:00 0 
7f5c303a8000-7f5c304a5000 rw-p 00000000 00:00 0 
7f5c304a5000-7f5c304a9000 ---p 00000000 00:00 0 
7f5c304a9000-7f5c305a6000 rw-p 00000000 00:00 0 
7f5c305a6000-7f5c305aa000 ---p 00000000 00:00 0 
7f5c305aa000-7f5c306a7000 rw-p 00000000 00:00 0 
7f5c306a7000-7f5c306ab000 ---p 00000000 00:00 0 
7f5c306ab000-7f5c307a8000 rw-p 00000000 00:00 0 
7f5c307a8000-7f5c312f8000 r--p 00000000 08:02 4200979                    /usr/lib/locale/locale-archive
7f5c312f8000-7f5c312fc000 ---p 00000000 00:00 0 
7f5c312fc000-7f5c313f9000 rw-p 00000000 00:00 0 
7f5c313f9000-7f5c313fd000 ---p 00000000 00:00 0 
7f5c313fd000-7f5c314fa000 rw-p 00000000 00:00 0 
7f5c314fa000-7f5c314fb000 ---p 00000000 00:00 0 
7f5c314fb000-7f5c31b3c000 rw-p 00000000 00:00 0 
7f5c31b3c000-7f5c31dfc000 ---p 00000000 00:00 0 
7f5c31dfc000-7f5c31dfd000 ---p 00000000 00:00 0 
7f5c31dfd000-7f5c31efe000 rw-p 00000000 00:00 0 
7f5c31efe000-7f5c31eff000 ---p 00000000 00:00 0 
7f5c31eff000-7f5c34000000 rw-p 00000000 00:00 0 
7f5c34000000-7f5c34021000 rw-p 00000000 00:00 0 
7f5c34021000-7f5c38000000 ---p 00000000 00:00 0 
7f5c38000000-7f5c38021000 rw-p 00000000 00:00 0 
7f5c38021000-7f5c3c000000 ---p 00000000 00:00 0 
7f5c3c000000-7f5c3c021000 rw-p 00000000 00:00 0 
7f5c3c021000-7f5c40000000 ---p 00000000 00:00 0 
7f5c40040000-7f5c40444000 rw-p 00000000 00:00 0 
7f5c40444000-7f5c40445000 ---p 00000000 00:00 0 
7f5c40445000-7f5c40546000 rw-p 00000000 00:00 0 
7f5c40546000-7f5c40547000 ---p 00000000 00:00 0 
7f5c40547000-7f5c40838000 rw-p 00000000 00:00 0 
7f5c40838000-7f5c42500000 ---p 00000000 00:00 0 
7f5c42500000-7f5c426f8000 rw-p 00000000 00:00 0 
7f5c426f8000-7f5c443c0000 ---p 00000000 00:00 0 
7f5c443c0000-7f5c44406000 rw-p 00000000 00:00 0 
7f5c44406000-7f5c4479f000 ---p 00000000 00:00 0 
7f5c4479f000-7f5c447de000 rw-p 00000000 00:00 0 
7f5c447de000-7f5c44b77000 ---p 00000000 00:00 0 
7f5c44b77000-7f5c44b78000 rw-p 00000000 00:00 0 
7f5c44b78000-7f5c44de8000 rwxp 00000000 00:00 0 
7f5c44de8000-7f5c45108000 ---p 00000000 00:00 0 
7f5c45108000-7f5c45378000 rwxp 00000000 00:00 0 
7f5c45378000-7f5c4c640000 ---p 00000000 00:00 0 
7f5c4c640000-7f5c4c8b0000 rwxp 00000000 00:00 0 
7f5c4c8b0000-7f5c53b78000 ---p 00000000 00:00 0 
7f5c53b78000-7f5c5c000000 r--s 00000000 08:02 7737729                    /usr/lib/jvm/java-12-oracle/lib/modules
7f5c5c000000-7f5c5c4de000 rw-p 00000000 00:00 0 
7f5c5c4de000-7f5c60000000 ---p 00000000 00:00 0 
7f5c60016000-7f5c60061000 r--s 00000000 08:02 3018461                    /home/christoffer/Dropbox/Dev/Git/PoliceSystem/src/main/resources/files/pdf/template.pdf
7f5c60061000-7f5c600e2000 rw-p 00000000 00:00 0 
7f5c600e2000-7f5c600e3000 ---p 00000000 00:00 0 
7f5c600e3000-7f5c60222000 rw-p 00000000 00:00 0 
7f5c60222000-7f5c605bb000 ---p 00000000 00:00 0 
7f5c605bb000-7f5c609c5000 rw-p 00000000 00:00 0 
7f5c609c5000-7f5c60aab000 ---p 00000000 00:00 0 
7f5c60aab000-7f5c60ab0000 rw-p 00000000 00:00 0 
7f5c60ab0000-7f5c60b96000 ---p 00000000 00:00 0 
7f5c60b96000-7f5c60bb1000 r-xp 00000000 08:02 7737709                    /usr/lib/jvm/java-12-oracle/lib/libjimage.so
7f5c60bb1000-7f5c60db0000 ---p 0001b000 08:02 7737709                    /usr/lib/jvm/java-12-oracle/lib/libjimage.so
7f5c60db0000-7f5c60db2000 r--p 0001a000 08:02 7737709                    /usr/lib/jvm/java-12-oracle/lib/libjimage.so
7f5c60db2000-7f5c60db3000 rw-p 0001c000 08:02 7737709                    /usr/lib/jvm/java-12-oracle/lib/libjimage.so
7f5c60db3000-7f5c60dba000 r-xp 00000000 08:02 7737728                    /usr/lib/jvm/java-12-oracle/lib/libzip.so
7f5c60dba000-7f5c60fb9000 ---p 00007000 08:02 7737728                    /usr/lib/jvm/java-12-oracle/lib/libzip.so
7f5c60fb9000-7f5c60fba000 r--p 00006000 08:02 7737728                    /usr/lib/jvm/java-12-oracle/lib/libzip.so
7f5c60fba000-7f5c60fbb000 rw-p 00007000 08:02 7737728                    /usr/lib/jvm/java-12-oracle/lib/libzip.so
7f5c60fbb000-7f5c60fc6000 r-xp 00000000 08:02 86827                      /lib/x86_64-linux-gnu/libnss_files-2.27.so
7f5c60fc6000-7f5c611c5000 ---p 0000b000 08:02 86827                      /lib/x86_64-linux-gnu/libnss_files-2.27.so
7f5c611c5000-7f5c611c6000 r--p 0000a000 08:02 86827                      /lib/x86_64-linux-gnu/libnss_files-2.27.so
7f5c611c6000-7f5c611c7000 rw-p 0000b000 08:02 86827                      /lib/x86_64-linux-gnu/libnss_files-2.27.so
7f5c611c7000-7f5c611cd000 rw-p 00000000 00:00 0 
7f5c611cd000-7f5c611e4000 r-xp 00000000 08:02 86821                      /lib/x86_64-linux-gnu/libnsl-2.27.so
7f5c611e4000-7f5c613e3000 ---p 00017000 08:02 86821                      /lib/x86_64-linux-gnu/libnsl-2.27.so
7f5c613e3000-7f5c613e4000 r--p 00016000 08:02 86821                      /lib/x86_64-linux-gnu/libnsl-2.27.so
7f5c613e4000-7f5c613e5000 rw-p 00017000 08:02 86821                      /lib/x86_64-linux-gnu/libnsl-2.27.so
7f5c613e5000-7f5c613e7000 rw-p 00000000 00:00 0 
7f5c613e7000-7f5c613f2000 r-xp 00000000 08:02 86838                      /lib/x86_64-linux-gnu/libnss_nis-2.27.so
7f5c613f2000-7f5c615f1000 ---p 0000b000 08:02 86838                      /lib/x86_64-linux-gnu/libnss_nis-2.27.so
7f5c615f1000-7f5c615f2000 r--p 0000a000 08:02 86838                      /lib/x86_64-linux-gnu/libnss_nis-2.27.so
7f5c615f2000-7f5c615f3000 rw-p 0000b000 08:02 86838                      /lib/x86_64-linux-gnu/libnss_nis-2.27.so
7f5c615f3000-7f5c615fb000 r-xp 00000000 08:02 86823                      /lib/x86_64-linux-gnu/libnss_compat-2.27.so
7f5c615fb000-7f5c617fb000 ---p 00008000 08:02 86823                      /lib/x86_64-linux-gnu/libnss_compat-2.27.so
7f5c617fb000-7f5c617fc000 r--p 00008000 08:02 86823                      /lib/x86_64-linux-gnu/libnss_compat-2.27.so
7f5c617fc000-7f5c617fd000 rw-p 00009000 08:02 86823                      /lib/x86_64-linux-gnu/libnss_compat-2.27.so
7f5c617fd000-7f5c61807000 r-xp 00000000 08:02 7737700                    /usr/lib/jvm/java-12-oracle/lib/libinstrument.so
7f5c61807000-7f5c61a06000 ---p 0000a000 08:02 7737700                    /usr/lib/jvm/java-12-oracle/lib/libinstrument.so
7f5c61a06000-7f5c61a07000 r--p 00009000 08:02 7737700                    /usr/lib/jvm/java-12-oracle/lib/libinstrument.so
7f5c61a07000-7f5c61a08000 rw-p 0000a000 08:02 7737700                    /usr/lib/jvm/java-12-oracle/lib/libinstrument.so
7f5c61a08000-7f5c61a30000 r-xp 00000000 08:02 7737705                    /usr/lib/jvm/java-12-oracle/lib/libjava.so
7f5c61a30000-7f5c61c2f000 ---p 00028000 08:02 7737705                    /usr/lib/jvm/java-12-oracle/lib/libjava.so
7f5c61c2f000-7f5c61c30000 r--p 00027000 08:02 7737705                    /usr/lib/jvm/java-12-oracle/lib/libjava.so
7f5c61c30000-7f5c61c32000 rw-p 00028000 08:02 7737705                    /usr/lib/jvm/java-12-oracle/lib/libjava.so
7f5c61c32000-7f5c61c3f000 r-xp 00000000 08:02 7737727                    /usr/lib/jvm/java-12-oracle/lib/libverify.so
7f5c61c3f000-7f5c61e3e000 ---p 0000d000 08:02 7737727                    /usr/lib/jvm/java-12-oracle/lib/libverify.so
7f5c61e3e000-7f5c61e40000 r--p 0000c000 08:02 7737727                    /usr/lib/jvm/java-12-oracle/lib/libverify.so
7f5c61e40000-7f5c61e41000 rw-p 0000e000 08:02 7737727                    /usr/lib/jvm/java-12-oracle/lib/libverify.so
7f5c61e41000-7f5c61e48000 r-xp 00000000 08:02 86878                      /lib/x86_64-linux-gnu/librt-2.27.so
7f5c61e48000-7f5c62047000 ---p 00007000 08:02 86878                      /lib/x86_64-linux-gnu/librt-2.27.so
7f5c62047000-7f5c62048000 r--p 00006000 08:02 86878                      /lib/x86_64-linux-gnu/librt-2.27.so
7f5c62048000-7f5c62049000 rw-p 00007000 08:02 86878                      /lib/x86_64-linux-gnu/librt-2.27.so
7f5c62049000-7f5c621e6000 r-xp 00000000 08:02 86800                      /lib/x86_64-linux-gnu/libm-2.27.so
7f5c621e6000-7f5c623e5000 ---p 0019d000 08:02 86800                      /lib/x86_64-linux-gnu/libm-2.27.so
7f5c623e5000-7f5c623e6000 r--p 0019c000 08:02 86800                      /lib/x86_64-linux-gnu/libm-2.27.so
7f5c623e6000-7f5c623e7000 rw-p 0019d000 08:02 86800                      /lib/x86_64-linux-gnu/libm-2.27.so
7f5c623e7000-7f5c6354b000 r-xp 00000000 08:02 7737743                    /usr/lib/jvm/java-12-oracle/lib/server/libjvm.so
7f5c6354b000-7f5c6374b000 ---p 01164000 08:02 7737743                    /usr/lib/jvm/java-12-oracle/lib/server/libjvm.so
7f5c6374b000-7f5c6380c000 r--p 01164000 08:02 7737743                    /usr/lib/jvm/java-12-oracle/lib/server/libjvm.so
7f5c6380c000-7f5c63845000 rw-p 01225000 08:02 7737743                    /usr/lib/jvm/java-12-oracle/lib/server/libjvm.so
7f5c63845000-7f5c638c8000 rw-p 00000000 00:00 0 
7f5c638c8000-7f5c63aaf000 r-xp 00000000 08:02 86737                      /lib/x86_64-linux-gnu/libc-2.27.so
7f5c63aaf000-7f5c63caf000 ---p 001e7000 08:02 86737                      /lib/x86_64-linux-gnu/libc-2.27.so
7f5c63caf000-7f5c63cb3000 r--p 001e7000 08:02 86737                      /lib/x86_64-linux-gnu/libc-2.27.so
7f5c63cb3000-7f5c63cb5000 rw-p 001eb000 08:02 86737                      /lib/x86_64-linux-gnu/libc-2.27.so
7f5c63cb5000-7f5c63cb9000 rw-p 00000000 00:00 0 
7f5c63cb9000-7f5c63cbc000 r-xp 00000000 08:02 86760                      /lib/x86_64-linux-gnu/libdl-2.27.so
7f5c63cbc000-7f5c63ebb000 ---p 00003000 08:02 86760                      /lib/x86_64-linux-gnu/libdl-2.27.so
7f5c63ebb000-7f5c63ebc000 r--p 00002000 08:02 86760                      /lib/x86_64-linux-gnu/libdl-2.27.so
7f5c63ebc000-7f5c63ebd000 rw-p 00003000 08:02 86760                      /lib/x86_64-linux-gnu/libdl-2.27.so
7f5c63ebd000-7f5c63ed7000 r-xp 00000000 08:02 86870                      /lib/x86_64-linux-gnu/libpthread-2.27.so
7f5c63ed7000-7f5c640d6000 ---p 0001a000 08:02 86870                      /lib/x86_64-linux-gnu/libpthread-2.27.so
7f5c640d6000-7f5c640d7000 r--p 00019000 08:02 86870                      /lib/x86_64-linux-gnu/libpthread-2.27.so
7f5c640d7000-7f5c640d8000 rw-p 0001a000 08:02 86870                      /lib/x86_64-linux-gnu/libpthread-2.27.so
7f5c640d8000-7f5c640dc000 rw-p 00000000 00:00 0 
7f5c640dc000-7f5c640ec000 r-xp 00000000 08:02 7737710                    /usr/lib/jvm/java-12-oracle/lib/libjli.so
7f5c640ec000-7f5c642eb000 ---p 00010000 08:02 7737710                    /usr/lib/jvm/java-12-oracle/lib/libjli.so
7f5c642eb000-7f5c642ec000 r--p 0000f000 08:02 7737710                    /usr/lib/jvm/java-12-oracle/lib/libjli.so
7f5c642ec000-7f5c642ed000 rw-p 00010000 08:02 7737710                    /usr/lib/jvm/java-12-oracle/lib/libjli.so
7f5c642ed000-7f5c64309000 r-xp 00000000 08:02 86909                      /lib/x86_64-linux-gnu/libz.so.1.2.11
7f5c64309000-7f5c64508000 ---p 0001c000 08:02 86909                      /lib/x86_64-linux-gnu/libz.so.1.2.11
7f5c64508000-7f5c64509000 r--p 0001b000 08:02 86909                      /lib/x86_64-linux-gnu/libz.so.1.2.11
7f5c64509000-7f5c6450a000 rw-p 0001c000 08:02 86909                      /lib/x86_64-linux-gnu/libz.so.1.2.11
7f5c6450a000-7f5c64531000 r-xp 00000000 08:02 86709                      /lib/x86_64-linux-gnu/ld-2.27.so
7f5c64537000-7f5c64615000 rw-p 00000000 00:00 0 
7f5c64615000-7f5c64619000 ---p 00000000 00:00 0 
7f5c64619000-7f5c6471f000 rw-p 00000000 00:00 0 
7f5c6471f000-7f5c64726000 ---p 00000000 00:00 0 
7f5c64726000-7f5c6472e000 rw-s 00000000 08:02 110667                     /tmp/hsperfdata_christoffer/19458
7f5c6472e000-7f5c6472f000 ---p 00000000 00:00 0 
7f5c6472f000-7f5c64730000 r--p 00000000 00:00 0 
7f5c64730000-7f5c64731000 ---p 00000000 00:00 0 
7f5c64731000-7f5c64732000 r--p 00027000 08:02 86709                      /lib/x86_64-linux-gnu/ld-2.27.so
7f5c64732000-7f5c64733000 rw-p 00028000 08:02 86709                      /lib/x86_64-linux-gnu/ld-2.27.so
7f5c64733000-7f5c64734000 rw-p 00000000 00:00 0 
7ffdd2450000-7ffdd2472000 rw-p 00000000 00:00 0                          [stack]
7ffdd2515000-7ffdd2518000 r--p 00000000 00:00 0                          [vvar]
7ffdd2518000-7ffdd2519000 r-xp 00000000 00:00 0                          [vdso]
ffffffffff600000-ffffffffff601000 r-xp 00000000 00:00 0                  [vsyscall]


VM Arguments:
jvm_args: -ea -Djava.library.path=/usr/lib/jvm/javafx-sdk-12.0.1/lib -Didea.test.cyclic.buffer.size=1048576 -javaagent:/home/christoffer/Downloads/idea-IU-191.6183.87/lib/idea_rt.jar=34921:/home/christoffer/Downloads/idea-IU-191.6183.87/bin -Dfile.encoding=UTF-8 
java_command: com.intellij.rt.execution.junit.JUnitStarter -ideVersion5 -junit4 pust.model.administrative_functions.ReportReceiptTest,generatePdf
java_class_path (initial): /home/christoffer/Downloads/idea-IU-191.6183.87/lib/idea_rt.jar:/home/christoffer/Downloads/idea-IU-191.6183.87/plugins/junit/lib/junit-rt.jar:/home/christoffer/Downloads/idea-IU-191.6183.87/plugins/junit/lib/junit5-rt.jar:/home/christoffer/Dropbox/Dev/Git/PoliceSystem/target/test-classes:/home/christoffer/Dropbox/Dev/Git/PoliceSystem/target/classes:/usr/lib/jvm/javafx-sdk-12.0.1/lib/src.zip:/usr/lib/jvm/javafx-sdk-12.0.1/lib/javafx-swt.jar:/usr/lib/jvm/javafx-sdk-12.0.1/lib/javafx.web.jar:/usr/lib/jvm/javafx-sdk-12.0.1/lib/javafx.base.jar:/usr/lib/jvm/javafx-sdk-12.0.1/lib/javafx.fxml.jar:/usr/lib/jvm/javafx-sdk-12.0.1/lib/javafx.media.jar:/usr/lib/jvm/javafx-sdk-12.0.1/lib/javafx.swing.jar:/usr/lib/jvm/javafx-sdk-12.0.1/lib/javafx.controls.jar:/usr/lib/jvm/javafx-sdk-12.0.1/lib/javafx.graphics.jar:/home/christoffer/Dropbox/Dev/Git/PoliceSystem/junit/junit-4.12.jar:/home/christoffer/Dropbox/Dev/Git/PoliceSystem/junit/hamcrest-core-1.3.jar:/home/christoffer/.m2/repository/mysql/mysql-connector-java/8.0.16/mysql-connector-java-8.0.16.jar:/home/christoffer/.m2/repository/com/google/protobuf/protobuf-java/3.6.1/protobuf-java-3.6.1.jar:/home/christoffer/.m2/repository/com/jcraft/jsch/0.1.55/jsch-0.1.55.jar:/home/christoffer/.m2/repository/org/openjfx/javafx-controls/12.0.1/javafx-controls-12.0.1.jar:/home/christoffer/.m2/repository/org/openjfx/javafx-controls/12.0.1/javafx-controls-12.0.1-linux.jar:/home/christoffer/.m2/repository/org/openjfx/javafx-graphics/12.0.1/javafx-graphics-12.0.1.jar:/home/christoffer/.m2/repository/org/openjfx/javafx-graphics/12.0.1/javafx-graphics-12.0.1-linux.jar:/home/christoffer/.m2/repository/org/openjfx/javafx-base/12.0.1/javafx-base-12.0.1.jar:/home/christoffer/.m2/repository/org/openjfx/javafx-base/12.0.1/javafx-base-12.0.1-linux.jar:/home/christoffer/.m2/repository/org/jetbrains/kotlin/kotlin-stdlib-jdk8/1.3.31/kotlin-stdlib-jdk8-1.3.31.jar:/home/christoffer/.m2/repository/org/jetbrains/kotlin/kotlin-stdlib
Launcher Type: SUN_STANDARD

[Global flags]
     intx CICompilerCount                          = 3                                         {product} {ergonomic}
     uint ConcGCThreads                            = 1                                         {product} {ergonomic}
     uint G1ConcRefinementThreads                  = 4                                         {product} {ergonomic}
   size_t G1HeapRegionSize                         = 1048576                                   {product} {ergonomic}
    uintx GCDrainStackTargetSize                   = 64                                        {product} {ergonomic}
   size_t InitialHeapSize                          = 130023424                                 {product} {ergonomic}
   size_t MarkStackSize                            = 4194304                                   {product} {ergonomic}
   size_t MaxHeapSize                              = 2063597568                                {product} {ergonomic}
   size_t MaxNewSize                               = 1237319680                                {product} {ergonomic}
   size_t MinHeapDeltaBytes                        = 1048576                                   {product} {ergonomic}
    uintx NonNMethodCodeHeapSize                   = 5830732                                {pd product} {ergonomic}
    uintx NonProfiledCodeHeapSize                  = 122913754                              {pd product} {ergonomic}
    uintx ProfiledCodeHeapSize                     = 122913754                              {pd product} {ergonomic}
    uintx ReservedCodeCacheSize                    = 251658240                              {pd product} {ergonomic}
     bool SegmentedCodeCache                       = true                                      {product} {ergonomic}
     bool UseCompressedClassPointers               = true                                 {lp64_product} {ergonomic}
     bool UseCompressedOops                        = true                                 {lp64_product} {ergonomic}
     bool UseG1GC                                  = true                                      {product} {ergonomic}

Logging:
Log output configuration:
 #0: stdout all=warning uptime,level,tags
 #1: stderr all=off uptime,level,tags

Environment Variables:
JAVA_HOME=/usr/lib/jvm/java-12-oracle
PATH=/home/christoffer/.cargo/bin:/usr/local/sbin:/usr/local/bin:/usr/sbin:/usr/bin:/sbin:/bin:/usr/games:/usr/local/games:/snap/bin:/usr/lib/jvm/java-12-oracle/bin:/usr/lib/jvm/java-12-oracle/db/bin
USERNAME=christoffer
SHELL=/bin/bash
DISPLAY=:0

Signal Handlers:
SIGSEGV: [libjvm.so+0xe45640], sa_mask[0]=11111111011111111101111111111110, sa_flags=SA_RESTART|SA_SIGINFO
SIGBUS: [libjvm.so+0xe45640], sa_mask[0]=11111111011111111101111111111110, sa_flags=SA_RESTART|SA_SIGINFO
SIGFPE: [libjvm.so+0xe45640], sa_mask[0]=11111111011111111101111111111110, sa_flags=SA_RESTART|SA_SIGINFO
SIGPIPE: [libjvm.so+0xbf4b50], sa_mask[0]=11111111011111111101111111111110, sa_flags=SA_RESTART|SA_SIGINFO
SIGXFSZ: [libjvm.so+0xbf4b50], sa_mask[0]=11111111011111111101111111111110, sa_flags=SA_RESTART|SA_SIGINFO
SIGILL: [libjvm.so+0xe45640], sa_mask[0]=11111111011111111101111111111110, sa_flags=SA_RESTART|SA_SIGINFO
SIGUSR2: [libjvm.so+0xbf49f0], sa_mask[0]=00100000000000000000000000000000, sa_flags=SA_RESTART|SA_SIGINFO
SIGHUP: [libjvm.so+0xbf4d50], sa_mask[0]=11111111011111111101111111111110, sa_flags=SA_RESTART|SA_SIGINFO
SIGINT: [libjvm.so+0xbf4d50], sa_mask[0]=11111111011111111101111111111110, sa_flags=SA_RESTART|SA_SIGINFO
SIGTERM: [libjvm.so+0xbf4d50], sa_mask[0]=11111111011111111101111111111110, sa_flags=SA_RESTART|SA_SIGINFO
SIGQUIT: [libjvm.so+0xbf4d50], sa_mask[0]=11111111011111111101111111111110, sa_flags=SA_RESTART|SA_SIGINFO


---------------  S Y S T E M  ---------------

OS:DISTRIB_ID=Ubuntu
DISTRIB_RELEASE=18.04
DISTRIB_CODENAME=bionic
DISTRIB_DESCRIPTION="Ubuntu 18.04.2 LTS"
uname:Linux 5.1.1-050101-generic #201905110631 SMP Sat May 11 06:33:50 UTC 2019 x86_64
libc:glibc 2.27 NPTL 2.27 
rlimit: STACK 8192k, CORE 0k, NPROC 31297, NOFILE 1048576, AS infinity, DATA infinity, FSIZE infinity
load average:1,95 2,19 2,07

/proc/meminfo:
MemTotal:        8058448 kB
MemFree:          256812 kB
MemAvailable:     856380 kB
Buffers:           47492 kB
Cached:          1557184 kB
SwapCached:         4036 kB
Active:          6203408 kB
Inactive:        1175188 kB
Active(anon):    5744952 kB
Inactive(anon):   858180 kB
Active(file):     458456 kB
Inactive(file):   317008 kB
Unevictable:       67572 kB
Mlocked:              16 kB
SwapTotal:       2097148 kB
SwapFree:        1399292 kB
Dirty:             11820 kB
Writeback:             0 kB
AnonPages:       5839672 kB
Mapped:           776824 kB
Shmem:            828800 kB
KReclaimable:      92992 kB
Slab:             169484 kB
SReclaimable:      92992 kB
SUnreclaim:        76492 kB
KernelStack:       20268 kB
PageTables:        81420 kB
NFS_Unstable:          0 kB
Bounce:                0 kB
WritebackTmp:          0 kB
CommitLimit:     6126372 kB
Committed_AS:   15733816 kB
VmallocTotal:   34359738367 kB
VmallocUsed:           0 kB
VmallocChunk:          0 kB
Percpu:             1568 kB
HardwareCorrupted:     0 kB
AnonHugePages:         0 kB
ShmemHugePages:        0 kB
ShmemPmdMapped:        0 kB
CmaTotal:              0 kB
CmaFree:               0 kB
HugePages_Total:       0
HugePages_Free:        0
HugePages_Rsvd:        0
HugePages_Surp:        0
Hugepagesize:       2048 kB
Hugetlb:               0 kB
DirectMap4k:      255960 kB
DirectMap2M:     5928960 kB
DirectMap1G:     3145728 kB


/proc/sys/kernel/threads-max (system-wide limit on the number of threads):
62594


/proc/sys/vm/max_map_count (maximum number of memory map areas a process may have):
65530


/proc/sys/kernel/pid_max (system-wide limit on number of process identifiers):
32768



container (cgroup) information:
container_type: cgroupv1
cpu_cpuset_cpus: 0-3
cpu_memory_nodes: 0
active_processor_count: 4
cpu_quota: -1
cpu_period: 100000
cpu_shares: -1
memory_limit_in_bytes: -1
memory_and_swap_limit_in_bytes: -2
memory_soft_limit_in_bytes: -1
memory_usage_in_bytes: 7624994816
memory_max_usage_in_bytes: 297082880


CPU:total 4 (initial active 4) (2 cores per cpu, 2 threads per core) family 6 model 78 stepping 3, cmov, cx8, fxsr, mmx, sse, sse2, sse3, ssse3, sse4.1, sse4.2, popcnt, avx, avx2, aes, clmul, erms, 3dnowpref, lzcnt, ht, tsc, tscinvbit, bmi1, bmi2, adx, fma
CPU Model and flags from /proc/cpuinfo:
model name	: Intel(R) Core(TM) i5-6200U CPU @ 2.30GHz
flags		: fpu vme de pse tsc msr pae mce cx8 apic sep mtrr pge mca cmov pat pse36 clflush dts acpi mmx fxsr sse sse2 ss ht tm pbe syscall nx pdpe1gb rdtscp lm constant_tsc art arch_perfmon pebs bts rep_good nopl xtopology nonstop_tsc cpuid aperfmperf tsc_known_freq pni pclmulqdq dtes64 monitor ds_cpl vmx est tm2 ssse3 sdbg fma cx16 xtpr pdcm pcid sse4_1 sse4_2 x2apic movbe popcnt tsc_deadline_timer aes xsave avx f16c rdrand lahf_lm abm 3dnowprefetch cpuid_fault epb invpcid_single pti ssbd ibrs ibpb stibp tpr_shadow vnmi flexpriority ept vpid ept_ad fsgsbase tsc_adjust bmi1 avx2 smep bmi2 erms invpcid mpx rdseed adx smap clflushopt intel_pt xsaveopt xsavec xgetbv1 xsaves dtherm ida arat pln pts hwp hwp_notify hwp_act_window hwp_epp flush_l1d

Memory: 4k page, physical 8058448k(256812k free), swap 2097148k(1399292k free)

vm_info: Java HotSpot(TM) 64-Bit Server VM (12.0.1+12) for linux-amd64 JRE (12.0.1+12), built on Apr  1 2019 23:46:14 by "mach5one" with gcc 7.3.0

END.
